build/app/intermediates/manifest_merge_blame_file/debug/manifest-merger-blame-debug-report.txt
1<?xml version="1.0" encoding="utf-8"?>
2<manifest xmlns:android="http://schemas.android.com/apk/res/android"
3    package="com.example.lumo_ai_travel_plan_app"
4    android:versionCode="1"
5    android:versionName="1.0.0" >
6
7    <uses-sdk
8        android:minSdkVersion="21"
9        android:targetSdkVersion="35" />
10    <!--
11         The INTERNET permission is required for development. Specifically,
12         the Flutter tool needs it to communicate with the running application
13         to allow setting breakpoints, to provide hot reload, etc.
14    -->
15    <uses-permission android:name="android.permission.INTERNET" />
15-->src\main\AndroidManifest.xml:3:5-66
15-->src\main\AndroidManifest.xml:3:22-64
16    <uses-permission android:name="android.permission.ACCESS_FINE_LOCATION" />
16-->src\main\AndroidManifest.xml:4:5-78
16-->src\main\AndroidManifest.xml:4:22-76
17    <uses-permission android:name="android.permission.ACCESS_COARSE_LOCATION" />
17-->src\main\AndroidManifest.xml:5:5-80
17-->src\main\AndroidManifest.xml:5:22-78
18    <uses-permission android:name="android.permission.ACCESS_BACKGROUND_LOCATION" />
18-->src\main\AndroidManifest.xml:6:5-85
18-->src\main\AndroidManifest.xml:6:22-82
19
20    <queries>
20-->src\main\AndroidManifest.xml:8:5-19:15
21        <intent>
21-->src\main\AndroidManifest.xml:9:9-13:18
22            <action android:name="android.intent.action.VIEW" />
22-->src\main\AndroidManifest.xml:10:13-65
22-->src\main\AndroidManifest.xml:10:21-62
23
24            <category android:name="android.intent.category.BROWSABLE" />
24-->src\main\AndroidManifest.xml:11:13-74
24-->src\main\AndroidManifest.xml:11:23-71
25
26            <data android:scheme="http" />
26-->src\main\AndroidManifest.xml:12:13-43
26-->src\main\AndroidManifest.xml:12:19-40
27        </intent>
28        <intent>
28-->src\main\AndroidManifest.xml:14:9-18:18
29            <action android:name="android.intent.action.VIEW" />
29-->src\main\AndroidManifest.xml:10:13-65
29-->src\main\AndroidManifest.xml:10:21-62
30
31            <category android:name="android.intent.category.BROWSABLE" />
31-->src\main\AndroidManifest.xml:11:13-74
31-->src\main\AndroidManifest.xml:11:23-71
32
33            <data android:scheme="https" />
33-->src\main\AndroidManifest.xml:12:13-43
33-->src\main\AndroidManifest.xml:12:19-40
34        </intent>
35        <!-- Needs to be explicitly declared on Android R+ -->
36        <package android:name="com.google.android.apps.maps" />
36-->[com.google.android.gms:play-services-maps:18.2.0] AndroidManifest.xml:33:9-64
36-->[com.google.android.gms:play-services-maps:18.2.0] AndroidManifest.xml:33:18-61
37    </queries>
38    <!--
39 Required to query activities that can process text, see:
40         https://developer.android.com/training/package-visibility and
41         https://developer.android.com/reference/android/content/Intent#ACTION_PROCESS_TEXT.
42
43         In particular, this is used by the Flutter engine in io.flutter.plugin.text.ProcessTextPlugin.
44    -->
45    <queries>
45-->src\main\AndroidManifest.xml:8:5-19:15
46        <intent>
47            <action android:name="android.intent.action.PROCESS_TEXT" />
48
49            <data android:mimeType="text/plain" />
49-->src\main\AndroidManifest.xml:12:13-43
50        </intent>
51    </queries> <!-- Include required permissions for Google Maps API to run. -->
52    <uses-permission android:name="android.permission.ACCESS_NETWORK_STATE" />
52-->[com.google.android.gms:play-services-maps:18.2.0] AndroidManifest.xml:23:5-79
52-->[com.google.android.gms:play-services-maps:18.2.0] AndroidManifest.xml:23:22-76
53
54    <uses-feature
54-->[com.google.android.gms:play-services-maps:18.2.0] AndroidManifest.xml:26:5-28:35
55        android:glEsVersion="0x00020000"
55-->[com.google.android.gms:play-services-maps:18.2.0] AndroidManifest.xml:27:9-41
56        android:required="true" />
56-->[com.google.android.gms:play-services-maps:18.2.0] AndroidManifest.xml:28:9-32
57
58    <permission
58-->[androidx.core:core:1.13.1] AndroidManifest.xml:22:5-24:47
59        android:name="com.example.lumo_ai_travel_plan_app.DYNAMIC_RECEIVER_NOT_EXPORTED_PERMISSION"
59-->[androidx.core:core:1.13.1] AndroidManifest.xml:23:9-81
60        android:protectionLevel="signature" />
60-->[androidx.core:core:1.13.1] AndroidManifest.xml:24:9-44
61
62    <uses-permission android:name="com.example.lumo_ai_travel_plan_app.DYNAMIC_RECEIVER_NOT_EXPORTED_PERMISSION" />
62-->[androidx.core:core:1.13.1] AndroidManifest.xml:26:5-97
62-->[androidx.core:core:1.13.1] AndroidManifest.xml:26:22-94
63
64    <application
65        android:name="android.app.Application"
66        android:appComponentFactory="androidx.core.app.CoreComponentFactory"
66-->[androidx.core:core:1.13.1] AndroidManifest.xml:28:18-86
67        android:debuggable="true"
68        android:enableOnBackInvokedCallback="true"
69        android:extractNativeLibs="true"
70        android:icon="@mipmap/ic_launcher"
71        android:label="lumo_ai_travel_plan_app" >
72        <meta-data
73            android:name="com.google.android.geo.API_KEY"
74            android:value="AIzaSyCIzplnXtIK-Slo90qlJ5_hu1IkkSI8mps" />
75
76        <activity
77            android:name="com.example.lumo_ai_travel_plan_app.MainActivity"
78            android:configChanges="orientation|keyboardHidden|keyboard|screenSize|smallestScreenSize|locale|layoutDirection|fontScale|screenLayout|density|uiMode"
79            android:exported="true"
80            android:hardwareAccelerated="true"
81            android:launchMode="singleTop"
82            android:taskAffinity=""
83            android:theme="@style/LaunchTheme"
84            android:windowSoftInputMode="adjustResize" >
85
86            <!--
87                 Specifies an Android theme to apply to this Activity as soon as
88                 the Android process has started. This theme is visible to the user
89                 while the Flutter UI initializes. After that, this theme continues
90                 to determine the Window background behind the Flutter UI.
91            -->
92            <meta-data
93                android:name="io.flutter.embedding.android.NormalTheme"
94                android:resource="@style/NormalTheme" />
95
96            <intent-filter>
97                <action android:name="android.intent.action.MAIN" />
98
99                <category android:name="android.intent.category.LAUNCHER" />
100            </intent-filter>
101        </activity>
102        <!--
103             Don't delete the meta-data below.
104             This is used by the Flutter tool to generate GeneratedPluginRegistrant.java
105        -->
106        <meta-data
107            android:name="flutterEmbedding"
108            android:value="2" />
109
110        <service
110-->[:geolocator_android] AndroidManifest.xml:8:9-12:56
111            android:name="com.baseflow.geolocator.GeolocatorLocationService"
111-->[:geolocator_android] AndroidManifest.xml:9:13-77
112            android:enabled="true"
112-->[:geolocator_android] AndroidManifest.xml:10:13-35
113            android:exported="false"
113-->[:geolocator_android] AndroidManifest.xml:11:13-37
114            android:foregroundServiceType="location" />
114-->[:geolocator_android] AndroidManifest.xml:12:13-53
115
116        <activity
116-->[:url_launcher_android] AndroidManifest.xml:8:9-11:74
117            android:name="io.flutter.plugins.urllauncher.WebViewActivity"
117-->[:url_launcher_android] AndroidManifest.xml:9:13-74
118            android:exported="false"
118-->[:url_launcher_android] AndroidManifest.xml:10:13-37
119            android:theme="@android:style/Theme.NoTitleBar.Fullscreen" />
119-->[:url_launcher_android] AndroidManifest.xml:11:13-71
120
121        <uses-library
121-->[androidx.window:window:1.2.0] AndroidManifest.xml:23:9-25:40
122            android:name="androidx.window.extensions"
122-->[androidx.window:window:1.2.0] AndroidManifest.xml:24:13-54
123            android:required="false" />
123-->[androidx.window:window:1.2.0] AndroidManifest.xml:25:13-37
124        <uses-library
124-->[androidx.window:window:1.2.0] AndroidManifest.xml:26:9-28:40
125            android:name="androidx.window.sidecar"
125-->[androidx.window:window:1.2.0] AndroidManifest.xml:27:13-51
126            android:required="false" /> <!-- Needs to be explicitly declared on P+ -->
126-->[androidx.window:window:1.2.0] AndroidManifest.xml:28:13-37
127        <uses-library
127-->[com.google.android.gms:play-services-maps:18.2.0] AndroidManifest.xml:39:9-41:40
128            android:name="org.apache.http.legacy"
128-->[com.google.android.gms:play-services-maps:18.2.0] AndroidManifest.xml:40:13-50
129            android:required="false" />
129-->[com.google.android.gms:play-services-maps:18.2.0] AndroidManifest.xml:41:13-37
130
131        <activity
131-->[com.google.android.gms:play-services-base:18.3.0] AndroidManifest.xml:20:9-22:45
132            android:name="com.google.android.gms.common.api.GoogleApiActivity"
132-->[com.google.android.gms:play-services-base:18.3.0] AndroidManifest.xml:20:19-85
133            android:exported="false"
133-->[com.google.android.gms:play-services-base:18.3.0] AndroidManifest.xml:22:19-43
134            android:theme="@android:style/Theme.Translucent.NoTitleBar" />
134-->[com.google.android.gms:play-services-base:18.3.0] AndroidManifest.xml:21:19-78
135
136        <meta-data
136-->[com.google.android.gms:play-services-basement:18.3.0] AndroidManifest.xml:21:9-23:69
137            android:name="com.google.android.gms.version"
137-->[com.google.android.gms:play-services-basement:18.3.0] AndroidManifest.xml:22:13-58
138            android:value="@integer/google_play_services_version" />
138-->[com.google.android.gms:play-services-basement:18.3.0] AndroidManifest.xml:23:13-66
139
140        <provider
140-->[androidx.lifecycle:lifecycle-process:2.7.0] AndroidManifest.xml:24:9-32:20
141            android:name="androidx.startup.InitializationProvider"
141-->[androidx.lifecycle:lifecycle-process:2.7.0] AndroidManifest.xml:25:13-67
142            android:authorities="com.example.lumo_ai_travel_plan_app.androidx-startup"
142-->[androidx.lifecycle:lifecycle-process:2.7.0] AndroidManifest.xml:26:13-68
143            android:exported="false" >
143-->[androidx.lifecycle:lifecycle-process:2.7.0] AndroidManifest.xml:27:13-37
144            <meta-data
144-->[androidx.lifecycle:lifecycle-process:2.7.0] AndroidManifest.xml:29:13-31:52
145                android:name="androidx.lifecycle.ProcessLifecycleInitializer"
145-->[androidx.lifecycle:lifecycle-process:2.7.0] AndroidManifest.xml:30:17-78
146                android:value="androidx.startup" />
146-->[androidx.lifecycle:lifecycle-process:2.7.0] AndroidManifest.xml:31:17-49
147            <meta-data
147-->[androidx.profileinstaller:profileinstaller:1.3.1] AndroidManifest.xml:29:13-31:52
148                android:name="androidx.profileinstaller.ProfileInstallerInitializer"
148-->[androidx.profileinstaller:profileinstaller:1.3.1] AndroidManifest.xml:30:17-85
149                android:value="androidx.startup" />
149-->[androidx.profileinstaller:profileinstaller:1.3.1] AndroidManifest.xml:31:17-49
150        </provider>
151
152        <receiver
152-->[androidx.profileinstaller:profileinstaller:1.3.1] AndroidManifest.xml:34:9-52:20
153            android:name="androidx.profileinstaller.ProfileInstallReceiver"
153-->[androidx.profileinstaller:profileinstaller:1.3.1] AndroidManifest.xml:35:13-76
154            android:directBootAware="false"
154-->[androidx.profileinstaller:profileinstaller:1.3.1] AndroidManifest.xml:36:13-44
155            android:enabled="true"
155-->[androidx.profileinstaller:profileinstaller:1.3.1] AndroidManifest.xml:37:13-35
156            android:exported="true"
156-->[androidx.profileinstaller:profileinstaller:1.3.1] AndroidManifest.xml:38:13-36
157            android:permission="android.permission.DUMP" >
157-->[androidx.profileinstaller:profileinstaller:1.3.1] AndroidManifest.xml:39:13-57
158            <intent-filter>
158-->[androidx.profileinstaller:profileinstaller:1.3.1] AndroidManifest.xml:40:13-42:29
159                <action android:name="androidx.profileinstaller.action.INSTALL_PROFILE" />
159-->[androidx.profileinstaller:profileinstaller:1.3.1] AndroidManifest.xml:41:17-91
159-->[androidx.profileinstaller:profileinstaller:1.3.1] AndroidManifest.xml:41:25-88
160            </intent-filter>
161            <intent-filter>
161-->[androidx.profileinstaller:profileinstaller:1.3.1] AndroidManifest.xml:43:13-45:29
162                <action android:name="androidx.profileinstaller.action.SKIP_FILE" />
162-->[androidx.profileinstaller:profileinstaller:1.3.1] AndroidManifest.xml:44:17-85
162-->[androidx.profileinstaller:profileinstaller:1.3.1] AndroidManifest.xml:44:25-82
163            </intent-filter>
164            <intent-filter>
164-->[androidx.profileinstaller:profileinstaller:1.3.1] AndroidManifest.xml:46:13-48:29
165                <action android:name="androidx.profileinstaller.action.SAVE_PROFILE" />
165-->[androidx.profileinstaller:profileinstaller:1.3.1] AndroidManifest.xml:47:17-88
165-->[androidx.profileinstaller:profileinstaller:1.3.1] AndroidManifest.xml:47:25-85
166            </intent-filter>
167            <intent-filter>
167-->[androidx.profileinstaller:profileinstaller:1.3.1] AndroidManifest.xml:49:13-51:29
168                <action android:name="androidx.profileinstaller.action.BENCHMARK_OPERATION" />
168-->[androidx.profileinstaller:profileinstaller:1.3.1] AndroidManifest.xml:50:17-95
168-->[androidx.profileinstaller:profileinstaller:1.3.1] AndroidManifest.xml:50:25-92
169            </intent-filter>
170        </receiver>
171    </application>
172
173</manifest>